1651732294614	geckodriver	INFO	Listening on 127.0.0.1:62998
1651732297694	mozrunner::runner	INFO	Running command: "C:\\Program Files\\Mozilla Firefox\\firefox.exe" "--marionette" "--remote-debugging-port" "62999" "-no-remote" "-profile" "C:\\Users\\hongl\\AppData\\Local\\Temp\\rust_mozprofileEZ548b"
1651732297999	Marionette	INFO	Marionette enabled
console.warn: SearchSettings: "get: No settings file exists, new profile?" (new NotFoundError("Could not open the file at C:\\Users\\hongl\\AppData\\Local\\Temp\\rust_mozprofileEZ548b\\search.json.mozlz4", (void 0)))
DevTools listening on ws://localhost:62999/devtools/browser/63f99d30-86bc-49fd-a21a-a2a0719ecc18
1651732299291	Marionette	INFO	Listening on port 63004
1651732299766	RemoteAgent	WARN	TLS certificate errors will be ignored for this session
console.warn: LoginRecipes: "getRecipes: falling back to a synchronous message for:" "https://gettop.us"
console.warn: LoginRecipes: "getRecipes: falling back to a synchronous message for:" "https://gettop.us"
1651732303118	Marionette	INFO	Stopped listening on port 63004

###!!! [Parent][PGPUParent] Error: RunMessage(msgname=PGPU::Msg_ShutdownVR) Channel closing: too late to send/recv, messages will be lost

1651732303690	geckodriver	INFO	Listening on 127.0.0.1:63072
1651732306751	mozrunner::runner	INFO	Running command: "C:\\Program Files\\Mozilla Firefox\\firefox.exe" "--marionette" "--remote-debugging-port" "63073" "-no-remote" "-profile" "C:\\Users\\hongl\\AppData\\Local\\Temp\\rust_mozprofileSMHH1r"
1651732307045	Marionette	INFO	Marionette enabled
console.warn: SearchSettings: "get: No settings file exists, new profile?" (new NotFoundError("Could not open the file at C:\\Users\\hongl\\AppData\\Local\\Temp\\rust_mozprofileSMHH1r\\search.json.mozlz4", (void 0)))
DevTools listening on ws://localhost:63073/devtools/browser/f87c9924-4ae9-4a34-8ea8-1af09c13db69
1651732308283	Marionette	INFO	Listening on port 63078
1651732308318	RemoteAgent	WARN	TLS certificate errors will be ignored for this session
console.warn: LoginRecipes: "getRecipes: falling back to a synchronous message for:" "https://gettop.us"
console.warn: LoginRecipes: "getRecipes: falling back to a synchronous message for:" "https://gettop.us"
JavaScript error: resource://gre/modules/LoginManagerParent.jsm, line 136: TypeError: gRecipeManager is null
1651732311566	Marionette	INFO	Stopped listening on port 63078

###!!! [Parent][PGPUParent] Error: RunMessage(msgname=PGPU::Msg_ShutdownVR) Channel closing: too late to send/recv, messages will be lost

1651732312163	geckodriver	INFO	Listening on 127.0.0.1:63140
1651732315254	mozrunner::runner	INFO	Running command: "C:\\Program Files\\Mozilla Firefox\\firefox.exe" "--marionette" "--remote-debugging-port" "63141" "-no-remote" "-profile" "C:\\Users\\hongl\\AppData\\Local\\Temp\\rust_mozprofilecMxRwg"
1651732315530	Marionette	INFO	Marionette enabled
console.warn: SearchSettings: "get: No settings file exists, new profile?" (new NotFoundError("Could not open the file at C:\\Users\\hongl\\AppData\\Local\\Temp\\rust_mozprofilecMxRwg\\search.json.mozlz4", (void 0)))
DevTools listening on ws://localhost:63141/devtools/browser/cce76bd8-34bc-4e5d-a43a-bc657267408d
1651732316842	Marionette	INFO	Listening on port 63146
1651732317303	RemoteAgent	WARN	TLS certificate errors will be ignored for this session
console.warn: LoginRecipes: "getRecipes: falling back to a synchronous message for:" "https://gettop.us"
console.warn: LoginRecipes: "getRecipes: falling back to a synchronous message for:" "https://gettop.us"
JavaScript error: resource://gre/modules/LoginManagerParent.jsm, line 136: TypeError: gRecipeManager is null
1651732320677	Marionette	INFO	Stopped listening on port 63146

###!!! [Parent][PGPUParent] Error: RunMessage(msgname=PGPU::Msg_ShutdownVR) Channel closing: too late to send/recv, messages will be lost

